<?xml version="1.0" encoding="UTF-8"?>
<testng-results ignored="0" total="1" passed="1" failed="0" skipped="0">
  <reporter-output>
    <line>
      <![CDATA[- Starting script (mobile.channel.Start) -> {"suite":"mobile","xmlReport":true,"visualQuality":0,"parameters":[{"xml.report":"true"},{"ats.log.level":"all"}]}]]>
    </line>
    <line>
      <![CDATA[- Script terminated -> {"name":"mobile.channel.Start","suite":"mobile","duration":14805,"passed":true,"actions":2}]]>
    </line>
  </reporter-output>
  <suite started-at="2020-09-09T14:25:27 CEST" name="mobile" finished-at="2020-09-09T14:25:42 CEST" duration-ms="14839">
    <groups>
    </groups>
    <test started-at="2020-09-09T14:25:27 CEST" name="testMain" finished-at="2020-09-09T14:25:42 CEST" duration-ms="14839">
      <class name="mobile.channel.Start">
        <test-method is-config="true" signature="beforeSuite()[pri:0, instance:mobile.channel.Start@4fa1c212]" started-at="2020-09-09T14:25:27 CEST" name="beforeSuite" test-instance-name="mobile.channel.Start" finished-at="2020-09-09T14:25:27 CEST" duration-ms="18" status="PASS">
          <reporter-output>
          </reporter-output>
        </test-method> <!-- beforeSuite -->
        <test-method is-config="true" signature="beforeAtsTest(org.testng.ITestContext)[pri:0, instance:mobile.channel.Start@4fa1c212]" started-at="2020-09-09T14:25:27 CEST" name="beforeAtsTest" test-instance-name="mobile.channel.Start" finished-at="2020-09-09T14:25:27 CEST" duration-ms="104" status="PASS">
          <params>
            <param index="0">
              <value>
                <![CDATA[org.testng.TestRunner@62da83ed]]>
              </value>
            </param>
          </params>
          <reporter-output>
            <line>
              <![CDATA[- Starting script (mobile.channel.Start) -> {"suite":"mobile","xmlReport":true,"visualQuality":0,"parameters":[{"xml.report":"true"},{"ats.log.level":"all"}]}]]>
            </line>
          </reporter-output>
        </test-method> <!-- beforeAtsTest -->
        <test-method signature="testMain()[pri:0, instance:mobile.channel.Start@4fa1c212]" started-at="2020-09-09T14:25:27 CEST" name="testMain" test-instance-name="mobile.channel.Start" finished-at="2020-09-09T14:25:41 CEST" duration-ms="13696" status="PASS">
          <reporter-output>
          </reporter-output>
        </test-method> <!-- testMain -->
        <test-method is-config="true" signature="cleanup()[pri:0, instance:mobile.channel.Start@4fa1c212]" started-at="2020-09-09T14:25:41 CEST" name="cleanup" test-instance-name="mobile.channel.Start" finished-at="2020-09-09T14:25:42 CEST" duration-ms="1012" status="PASS">
          <reporter-output>
          </reporter-output>
        </test-method> <!-- cleanup -->
        <test-method is-config="true" signature="afterClass()[pri:0, instance:mobile.channel.Start@4fa1c212]" started-at="2020-09-09T14:25:42 CEST" name="afterClass" test-instance-name="mobile.channel.Start" finished-at="2020-09-09T14:25:42 CEST" duration-ms="1" status="PASS">
          <reporter-output>
            <line>
              <![CDATA[- Script terminated -> {"name":"mobile.channel.Start","suite":"mobile","duration":14805,"passed":true,"actions":2}]]>
            </line>
          </reporter-output>
        </test-method> <!-- afterClass -->
        <test-method is-config="true" signature="testFinished()[pri:0, instance:mobile.channel.Start@4fa1c212]" started-at="2020-09-09T14:25:42 CEST" name="testFinished" test-instance-name="mobile.channel.Start" finished-at="2020-09-09T14:25:42 CEST" duration-ms="0" status="PASS">
          <reporter-output>
          </reporter-output>
        </test-method> <!-- testFinished -->
      </class> <!-- mobile.channel.Start -->
    </test> <!-- testMain -->
  </suite> <!-- mobile -->
</testng-results>
